Using pre-set license
Built from '2021.1/release' branch; Version is '2021.1.0f1 (61a549675243) revision 6399305'; Using compiler version '192528614'; Build Type 'Release'
OS: 'Windows 10 Enterprise; OS build 19042.867; Version 2009; 64bit' Language: 'pl' Physical Memory: 8102 MB
BatchMode: 1, IsHumanControllingUs: 0, StartBugReporterOnCrash: 0, Is64bit: 1, IsPro: 0

 COMMAND LINE ARGUMENTS:
C:\Program Files\Unity\Hub\Editor\2021.1.0f1\Editor\Unity.exe
-adb2
-batchMode
-noUpm
-name
AssetImportWorker0
-projectPath
D:/Github projects/MyNewGame/NewUnityProject
-logFile
Logs/AssetImportWorker0.log
-srvPort
53140
Successfully changed project path to: D:/Github projects/MyNewGame/NewUnityProject
D:/Github projects/MyNewGame/NewUnityProject
Using Asset Import Pipeline V2.
Refreshing native plugins compatible for Editor in 265.78 ms, found 2 plugins.
Preloading 0 native plugins for Editor in 0.00 ms.
Initialize engine version: 2021.1.0f1 (61a549675243)
[Subsystems] Discovering subsystems at path C:/Program Files/Unity/Hub/Editor/2021.1.0f1/Editor/Data/Resources/UnitySubsystems
[Subsystems] Discovering subsystems at path D:/Github projects/MyNewGame/NewUnityProject/Assets
GfxDevice: creating device client; threaded=0; jobified=0
Direct3D:
    Version:  Direct3D 11.0 [level 11.0]
    Renderer: NVIDIA GeForce 920M (ID=0x1299)
    Vendor:   NVIDIA
    VRAM:     2009 MB
    Driver:   23.21.13.9125
Initialize mono
Mono path[0] = 'C:/Program Files/Unity/Hub/Editor/2021.1.0f1/Editor/Data/Managed'
Mono path[1] = 'C:/Program Files/Unity/Hub/Editor/2021.1.0f1/Editor/Data/MonoBleedingEdge/lib/mono/unityjit'
Mono config path = 'C:/Program Files/Unity/Hub/Editor/2021.1.0f1/Editor/Data/MonoBleedingEdge/etc'
Using monoOptions --debugger-agent=transport=dt_socket,embedding=1,server=y,suspend=n,address=127.0.0.1:56944
Begin MonoManager ReloadAssembly
Registering precompiled unity dll's ...
Register platform support module: C:/Program Files/Unity/Hub/Editor/2021.1.0f1/Editor/Data/PlaybackEngines/WindowsStandaloneSupport/UnityEditor.WindowsStandalone.Extensions.dll
Registered in 0.004018 seconds.
Native extension for WindowsStandalone target not found
Refreshing native plugins compatible for Editor in 229.26 ms, found 2 plugins.
Preloading 0 native plugins for Editor in 0.00 ms.
Mono: successfully reloaded assembly
- Completed reload, in  3.471 seconds
Platform modules already initialized, skipping
Registering precompiled user dll's ...
Registered in 0.012882 seconds.
Begin MonoManager ReloadAssembly
Native extension for WindowsStandalone target not found
Refreshing native plugins compatible for Editor in 161.08 ms, found 2 plugins.
Preloading 0 native plugins for Editor in 0.00 ms.
Mono: successfully reloaded assembly
- Completed reload, in  2.172 seconds
Platform modules already initialized, skipping
========================================================================
Worker process is ready to serve import requests
Launched and connected shader compiler UnityShaderCompiler.exe after 0.51 seconds
Refreshing native plugins compatible for Editor in 1.63 ms, found 2 plugins.
Preloading 0 native plugins for Editor in 0.00 ms.
Unloading 3366 Unused Serialized files (Serialized files now loaded: 0)
System memory in use before: 127.5 MB.
System memory in use after: 127.6 MB.

Unloading 29 unused Assets to reduce memory usage. Loaded Objects now: 3817.
Total: 5.493300 ms (FindLiveObjects: 0.659200 ms CreateObjectMapping: 0.480600 ms MarkObjects: 4.081900 ms  DeleteObjects: 0.269000 ms)

========================================================================
Received Import Request.
  path: Assets/scripts/PlayerControler.cs
  artifactKey: Guid(b1727934fb3f9db43b67fa20f636ab95) Importer(815301076,1909f56bfc062723c751e8b465ee728b)
Start importing Assets/scripts/PlayerControler.cs using Guid(b1727934fb3f9db43b67fa20f636ab95) Importer(815301076,1909f56bfc062723c751e8b465ee728b)  -> (artifact id: '8211d3897dca6b2c4e2facdc06c2e3b4') in 0.263349 seconds 
========================================================================
Received Prepare
Registering precompiled user dll's ...
Registered in 0.003788 seconds.
Begin MonoManager ReloadAssembly
Native extension for WindowsStandalone target not found
Refreshing native plugins compatible for Editor in 0.83 ms, found 2 plugins.
Preloading 0 native plugins for Editor in 0.00 ms.
Mono: successfully reloaded assembly
- Completed reload, in  2.193 seconds
Platform modules already initialized, skipping
Refreshing native plugins compatible for Editor in 1.91 ms, found 2 plugins.
Preloading 0 native plugins for Editor in 0.00 ms.
Unloading 3361 Unused Serialized files (Serialized files now loaded: 0)
System memory in use before: 127.5 MB.
System memory in use after: 127.6 MB.

Unloading 17 unused Assets to reduce memory usage. Loaded Objects now: 3821.
Total: 8.425400 ms (FindLiveObjects: 0.967100 ms CreateObjectMapping: 0.726700 ms MarkObjects: 6.521800 ms  DeleteObjects: 0.204900 ms)

========================================================================
Received Import Request.
  Time since last request: 330.443987 seconds.
  path: Assets/scripts/PlayerControler.cs
  artifactKey: Guid(b1727934fb3f9db43b67fa20f636ab95) Importer(815301076,1909f56bfc062723c751e8b465ee728b)
Start importing Assets/scripts/PlayerControler.cs using Guid(b1727934fb3f9db43b67fa20f636ab95) Importer(815301076,1909f56bfc062723c751e8b465ee728b)  -> (artifact id: '0904d2e6399b85114121b5dbcf3aff34') in 0.014575 seconds 
========================================================================
Received Prepare
Registering precompiled user dll's ...
Registered in 0.004594 seconds.
Begin MonoManager ReloadAssembly
Native extension for WindowsStandalone target not found
Refreshing native plugins compatible for Editor in 1.60 ms, found 2 plugins.
Preloading 0 native plugins for Editor in 0.00 ms.
Mono: successfully reloaded assembly
- Completed reload, in  1.685 seconds
Platform modules already initialized, skipping
Refreshing native plugins compatible for Editor in 1.38 ms, found 2 plugins.
Preloading 0 native plugins for Editor in 0.00 ms.
Unloading 3361 Unused Serialized files (Serialized files now loaded: 0)
System memory in use before: 127.6 MB.
System memory in use after: 127.7 MB.

Unloading 17 unused Assets to reduce memory usage. Loaded Objects now: 3825.
Total: 4.564000 ms (FindLiveObjects: 0.702000 ms CreateObjectMapping: 0.461100 ms MarkObjects: 3.189000 ms  DeleteObjects: 0.208000 ms)

========================================================================
Received Prepare
Registering precompiled user dll's ...
Registered in 0.004055 seconds.
Begin MonoManager ReloadAssembly
Native extension for WindowsStandalone target not found
Refreshing native plugins compatible for Editor in 0.87 ms, found 2 plugins.
Preloading 0 native plugins for Editor in 0.00 ms.
Mono: successfully reloaded assembly
- Completed reload, in  1.546 seconds
Platform modules already initialized, skipping
Refreshing native plugins compatible for Editor in 0.90 ms, found 2 plugins.
Preloading 0 native plugins for Editor in 0.00 ms.
Unloading 3361 Unused Serialized files (Serialized files now loaded: 0)
System memory in use before: 127.6 MB.
System memory in use after: 127.8 MB.

Unloading 17 unused Assets to reduce memory usage. Loaded Objects now: 3829.
Total: 3.515900 ms (FindLiveObjects: 0.517300 ms CreateObjectMapping: 0.260300 ms MarkObjects: 2.579200 ms  DeleteObjects: 0.156900 ms)

AssetImportWorkerClient::OnTransportError - code=2 error=End of file
